<?xml version="1.0" encoding="UTF-8"?>
<testsuite xmlns:xsi="http://www.w3.org/2001/XMLSchema-instance" xsi:noNamespaceSchemaLocation="https://maven.apache.org/surefire/maven-surefire-plugin/xsd/surefire-test-report-3.0.xsd" version="3.0" name="com.backend.backend.BackendApplicationTests" time="2.011" tests="1" errors="0" skipped="0" failures="0">
  <properties>
[...]
</properties>
  <testcase name="contextLoads" classname="com.backend.backend.BackendApplicationTests" time="0.614">
    <system-out><![CDATA[11:37:48.992 [main] INFO org.springframework.test.context.support.AnnotationConfigContextLoaderUtils -- Could not detect default configuration classes for test class [com.backend.backend.BackendApplicationTests]: BackendApplicationTests does not declare any static, non-private, non-final, nested classes annotated with @Configuration.
11:37:49.073 [main] INFO org.springframework.boot.test.context.SpringBootTestContextBootstrapper -- Found @SpringBootConfiguration com.backend.backend.BackendApplication for test class com.backend.backend.BackendApplicationTests

  .   ____          _            __ _ _
 /\\ / ___'_ __ _ _(_)_ __  __ _ \ \ \ \
( ( )\___ | '_ | '_| | '_ \/ _` | \ \ \ \
 \\/  ___)| |_)| | | | | || (_| |  ) ) ) )
  '  |____| .__|_| |_|_| |_\__, | / / / /
 =========|_|==============|___/=/_/_/_/

 :: Spring Boot ::                (v3.3.4)

2024-10-13T11:37:49.397-05:00  INFO 14980 --- [backend] [           main] c.b.backend.BackendApplicationTests      : Starting BackendApplicationTests using Java 17.0.11 with PID 14980 (started by Lizard in C:\Users\Lizard\Downloads\Carpeta Personal Lizard\Ciencia de la Computacion\Cursos\6to Semestre\Ingenieria de Software II\Proyecto_Final\backend)
2024-10-13T11:37:49.398-05:00  INFO 14980 --- [backend] [           main] c.b.backend.BackendApplicationTests      : No active profile set, falling back to 1 default profile: "default"
2024-10-13T11:37:50.249-05:00  INFO 14980 --- [backend] [           main] c.b.backend.BackendApplicationTests      : Started BackendApplicationTests in 1.054 seconds (process running for 1.762)
]]></system-out>
  </testcase>
</testsuite>